Error during evaluation: cs500_co0_snowflake-arctic-embed-l-v2.0_tk50_dw1_qefalse
Traceback (most recent call last):
  File "/home/mallahova/code/basics/projects/interview/RAGRepo/src/eval/run_experiments.py", line 261, in <module>
    main()
  File "/home/mallahova/code/basics/projects/interview/RAGRepo/src/eval/run_experiments.py", line 240, in main
    phase1_results = phase_1_coarse_search(
  File "/home/mallahova/code/basics/projects/interview/RAGRepo/src/eval/run_experiments.py", line 93, in phase_1_coarse_search
    final_recall, average_latency = evaluate_recall_and_latency(
TypeError: evaluate_recall_and_latency() missing 1 required positional argument: 'config'
Traceback (most recent call last):
  File "/home/mallahova/code/basics/projects/interview/RAGRepo/src/eval/run_experiments.py", line 261, in <module>
    main()
  File "/home/mallahova/code/basics/projects/interview/RAGRepo/src/eval/run_experiments.py", line 240, in main
    phase1_results = phase_1_coarse_search(
  File "/home/mallahova/code/basics/projects/interview/RAGRepo/src/eval/run_experiments.py", line 93, in phase_1_coarse_search
    final_recall, average_latency = evaluate_recall_and_latency(
TypeError: evaluate_recall_and_latency() missing 1 required positional argument: 'config'
